# JRE version: OpenJDK Runtime Environment (15.0+36) (build 15+36-1562)
# Java VM: OpenJDK 64-Bit Server VM (15+36-1562, mixed mode, tiered, compressed oops, g1 gc, windows-amd64)
GC Precious Log:
 CPUs: 8 total, 8 available
 Memory: 16256M
 Large Page Support: Disabled
 NUMA Support: Disabled
 Compressed Oops: Enabled (Zero based)
 Heap Region Size: 2M
 Heap Min Capacity: 8M
 Heap Initial Capacity: 256M
 Heap Max Capacity: 4066M
 Pre-touch: Disabled
 Parallel Workers: 8
 Concurrent Workers: 2
 Concurrent Refinement Workers: 8
 Periodic GC: Disabled
Heap:
 garbage-first heap   total 96256K, used 61127K [0x0000000701e00000, 0x0000000800000000)
  region size 2048K, 14 young (28672K), 2 survivors (4096K)
 Metaspace       used 70332K, capacity 71234K, committed 71424K, reserved 1112064K
  class space    used 8428K, capacity 8686K, committed 8704K, reserved 1048576K
GC Heap History (20 events):
Event: 100.653 GC heap after
{Heap after GC invocations=34 (full 2):
 garbage-first heap   total 96256K, used 29607K [0x0000000701e00000, 0x0000000800000000)
  region size 2048K, 2 young (4096K), 2 survivors (4096K)
 Metaspace       used 66897K, capacity 67484K, committed 67712K, reserved 1107968K
  class space    used 8068K, capacity 8240K, committed 8320K, reserved 1048576K
}
Event: 100.668 GC heap before
{Heap before GC invocations=34 (full 2):
 garbage-first heap   total 96256K, used 70567K [0x0000000701e00000, 0x0000000800000000)
  region size 2048K, 23 young (47104K), 2 survivors (4096K)
 Metaspace       used 66901K, capacity 67484K, committed 67712K, reserved 1107968K
  class space    used 8068K, capacity 8240K, committed 8320K, reserved 1048576K
}
Event: 100.670 GC heap after
{Heap after GC invocations=35 (full 2):
 garbage-first heap   total 96256K, used 29722K [0x0000000701e00000, 0x0000000800000000)
  region size 2048K, 1 young (2048K), 1 survivors (2048K)
 Metaspace       used 66901K, capacity 67484K, committed 67712K, reserved 1107968K
  class space    used 8068K, capacity 8240K, committed 8320K, reserved 1048576K
}
Event: 104.553 GC heap before
{Heap before GC invocations=35 (full 2):
 garbage-first heap   total 96256K, used 70682K [0x0000000701e00000, 0x0000000800000000)
  region size 2048K, 22 young (45056K), 1 survivors (2048K)
 Metaspace       used 67157K, capacity 67820K, committed 67968K, reserved 1110016K
  class space    used 8071K, capacity 8245K, committed 8320K, reserved 1048576K
}
Event: 104.556 GC heap after
{Heap after GC invocations=36 (full 2):
 garbage-first heap   total 96256K, used 32803K [0x0000000701e00000, 0x0000000800000000)
  region size 2048K, 2 young (4096K), 2 survivors (4096K)
 Metaspace       used 67157K, capacity 67820K, committed 67968K, reserved 1110016K
  class space    used 8071K, capacity 8245K, committed 8320K, reserved 1048576K
}
Event: 255.469 GC heap before
{Heap before GC invocations=36 (full 2):
 garbage-first heap   total 96256K, used 36899K [0x0000000701e00000, 0x0000000800000000)
  region size 2048K, 5 young (10240K), 2 survivors (4096K)
 Metaspace       used 67293K, capacity 67954K, committed 68224K, reserved 1110016K
  class space    used 8072K, capacity 8247K, committed 8320K, reserved 1048576K
}
Event: 255.514 GC heap after
{Heap after GC invocations=37 (full 3):
 garbage-first heap   total 96256K, used 28824K [0x0000000701e00000, 0x0000000800000000)
  region size 2048K, 0 young (0K), 0 survivors (0K)
 Metaspace       used 67293K, capacity 67954K, committed 68224K, reserved 1110016K
  class space    used 8072K, capacity 8247K, committed 8320K, reserved 1048576K
}
Event: 260.484 GC heap before
{Heap before GC invocations=37 (full 3):
 garbage-first heap   total 96256K, used 75928K [0x0000000701e00000, 0x0000000800000000)
  region size 2048K, 23 young (47104K), 0 survivors (0K)
 Metaspace       used 67421K, capacity 68078K, committed 68224K, reserved 1110016K
  class space    used 8080K, capacity 8262K, committed 8320K, reserved 1048576K
}
Event: 260.488 GC heap after
{Heap after GC invocations=38 (full 3):
 garbage-first heap   total 96256K, used 31993K [0x0000000701e00000, 0x0000000800000000)
  region size 2048K, 2 young (4096K), 2 survivors (4096K)
 Metaspace       used 67421K, capacity 68078K, committed 68224K, reserved 1110016K
  class space    used 8080K, capacity 8262K, committed 8320K, reserved 1048576K
}
Event: 260.503 GC heap before
{Heap before GC invocations=38 (full 3):
 garbage-first heap   total 96256K, used 72953K [0x0000000701e00000, 0x0000000800000000)
  region size 2048K, 23 young (47104K), 2 survivors (4096K)
 Metaspace       used 67422K, capacity 68078K, committed 68224K, reserved 1110016K
  class space    used 8080K, capacity 8262K, committed 8320K, reserved 1048576K
}
Event: 260.506 GC heap after
{Heap after GC invocations=39 (full 3):
 garbage-first heap   total 96256K, used 32191K [0x0000000701e00000, 0x0000000800000000)
  region size 2048K, 2 young (4096K), 2 survivors (4096K)
 Metaspace       used 67422K, capacity 68078K, committed 68224K, reserved 1110016K
  class space    used 8080K, capacity 8262K, committed 8320K, reserved 1048576K
}
Event: 297.367 GC heap before
{Heap before GC invocations=39 (full 3):
 garbage-first heap   total 96256K, used 69055K [0x0000000701e00000, 0x0000000800000000)
  region size 2048K, 22 young (45056K), 2 survivors (4096K)
 Metaspace       used 67663K, capacity 68433K, committed 68480K, reserved 1110016K
  class space    used 8094K, capacity 8286K, committed 8320K, reserved 1048576K
}
Event: 297.418 GC heap after
{Heap after GC invocations=40 (full 4):
 garbage-first heap   total 96256K, used 31349K [0x0000000701e00000, 0x0000000800000000)
  region size 2048K, 0 young (0K), 0 survivors (0K)
 Metaspace       used 67663K, capacity 68433K, committed 68480K, reserved 1110016K
  class space    used 8094K, capacity 8286K, committed 8320K, reserved 1048576K
}
Event: 302.246 GC heap before
{Heap before GC invocations=40 (full 4):
 garbage-first heap   total 96256K, used 76405K [0x0000000701e00000, 0x0000000800000000)
  region size 2048K, 22 young (45056K), 0 survivors (0K)
 Metaspace       used 68112K, capacity 69000K, committed 69120K, reserved 1110016K
  class space    used 8161K, capacity 8387K, committed 8448K, reserved 1048576K
}
Event: 302.249 GC heap after
{Heap after GC invocations=41 (full 4):
 garbage-first heap   total 96256K, used 34625K [0x0000000701e00000, 0x0000000800000000)
  region size 2048K, 2 young (4096K), 2 survivors (4096K)
 Metaspace       used 68112K, capacity 69000K, committed 69120K, reserved 1110016K
  class space    used 8161K, capacity 8387K, committed 8448K, reserved 1048576K
}
Event: 302.280 GC heap before
{Heap before GC invocations=41 (full 4):
 garbage-first heap   total 96256K, used 71489K [0x0000000701e00000, 0x0000000800000000)
  region size 2048K, 21 young (43008K), 2 survivors (4096K)
 Metaspace       used 68115K, capacity 69000K, committed 69120K, reserved 1110016K
  class space    used 8161K, capacity 8387K, committed 8448K, reserved 1048576K
}
Event: 302.282 GC heap after
{Heap after GC invocations=42 (full 4):
 garbage-first heap   total 96256K, used 35064K [0x0000000701e00000, 0x0000000800000000)
  region size 2048K, 1 young (2048K), 1 survivors (2048K)
 Metaspace       used 68115K, capacity 69000K, committed 69120K, reserved 1110016K
  class space    used 8161K, capacity 8387K, committed 8448K, reserved 1048576K
}
Event: 302.555 GC heap before
{Heap before GC invocations=42 (full 4):
 garbage-first heap   total 96256K, used 71928K [0x0000000701e00000, 0x0000000800000000)
  region size 2048K, 20 young (40960K), 1 survivors (2048K)
 Metaspace       used 68292K, capacity 69140K, committed 69376K, reserved 1110016K
  class space    used 8168K, capacity 8392K, committed 8448K, reserved 1048576K
}
Event: 302.557 GC heap after
{Heap after GC invocations=43 (full 4):
 garbage-first heap   total 96256K, used 37121K [0x0000000701e00000, 0x0000000800000000)
  region size 2048K, 2 young (4096K), 2 survivors (4096K)
 Metaspace       used 68292K, capacity 69140K, committed 69376K, reserved 1110016K
  class space    used 8168K, capacity 8392K, committed 8448K, reserved 1048576K
}
Event: 373.151 GC heap before
{Heap before GC invocations=43 (full 4):
 garbage-first heap   total 96256K, used 59649K [0x0000000701e00000, 0x0000000800000000)
  region size 2048K, 14 young (28672K), 2 survivors (4096K)
 Metaspace       used 70332K, capacity 71234K, committed 71424K, reserved 1112064K
  class space    used 8428K, capacity 8686K, committed 8704K, reserved 1048576K
}

