# JRE version: OpenJDK Runtime Environment (15.0+36) (build 15+36-1562)
# Java VM: OpenJDK 64-Bit Server VM (15+36-1562, mixed mode, tiered, compressed oops, g1 gc, windows-amd64)
GC Precious Log:
 CPUs: 8 total, 8 available
 Memory: 16256M
 Large Page Support: Disabled
 NUMA Support: Disabled
 Compressed Oops: Enabled (Zero based)
 Heap Region Size: 2M
 Heap Min Capacity: 8M
 Heap Initial Capacity: 256M
 Heap Max Capacity: 4066M
 Pre-touch: Disabled
 Parallel Workers: 8
 Concurrent Workers: 2
 Concurrent Refinement Workers: 8
 Periodic GC: Disabled
Heap:
 garbage-first heap   total 69632K, used 35136K [0x0000000701e00000, 0x0000000800000000)
  region size 2048K, 4 young (8192K), 2 survivors (4096K)
 Metaspace       used 46816K, capacity 47377K, committed 47488K, reserved 1091584K
  class space    used 5189K, capacity 5400K, committed 5504K, reserved 1048576K
GC Heap History (20 events):
Event: 654.077 GC heap after
{Heap after GC invocations=31 (full 2):
 garbage-first heap   total 69632K, used 26918K [0x0000000701e00000, 0x0000000800000000)
  region size 2048K, 2 young (4096K), 2 survivors (4096K)
 Metaspace       used 46438K, capacity 46941K, committed 47104K, reserved 1091584K
  class space    used 5177K, capacity 5375K, committed 5376K, reserved 1048576K
}
Event: 654.348 GC heap before
{Heap before GC invocations=31 (full 2):
 garbage-first heap   total 69632K, used 51494K [0x0000000701e00000, 0x0000000800000000)
  region size 2048K, 15 young (30720K), 2 survivors (4096K)
 Metaspace       used 46461K, capacity 47069K, committed 47104K, reserved 1091584K
  class space    used 5177K, capacity 5375K, committed 5376K, reserved 1048576K
}
Event: 654.351 GC heap after
{Heap after GC invocations=32 (full 2):
 garbage-first heap   total 69632K, used 27881K [0x0000000701e00000, 0x0000000800000000)
  region size 2048K, 2 young (4096K), 2 survivors (4096K)
 Metaspace       used 46461K, capacity 47069K, committed 47104K, reserved 1091584K
  class space    used 5177K, capacity 5375K, committed 5376K, reserved 1048576K
}
Event: 655.824 GC heap before
{Heap before GC invocations=32 (full 2):
 garbage-first heap   total 69632K, used 50409K [0x0000000701e00000, 0x0000000800000000)
  region size 2048K, 14 young (28672K), 2 survivors (4096K)
 Metaspace       used 46522K, capacity 47070K, committed 47104K, reserved 1091584K
  class space    used 5177K, capacity 5375K, committed 5376K, reserved 1048576K
}
Event: 655.830 GC heap after
{Heap after GC invocations=33 (full 2):
 garbage-first heap   total 69632K, used 28736K [0x0000000701e00000, 0x0000000800000000)
  region size 2048K, 2 young (4096K), 2 survivors (4096K)
 Metaspace       used 46522K, capacity 47070K, committed 47104K, reserved 1091584K
  class space    used 5177K, capacity 5375K, committed 5376K, reserved 1048576K
}
Event: 711.072 GC heap before
{Heap before GC invocations=33 (full 2):
 garbage-first heap   total 69632K, used 32832K [0x0000000701e00000, 0x0000000800000000)
  region size 2048K, 5 young (10240K), 2 survivors (4096K)
 Metaspace       used 46544K, capacity 47076K, committed 47232K, reserved 1091584K
  class space    used 5178K, capacity 5377K, committed 5504K, reserved 1048576K
}
Event: 711.127 GC heap after
{Heap after GC invocations=34 (full 3):
 garbage-first heap   total 69632K, used 26740K [0x0000000701e00000, 0x0000000800000000)
  region size 2048K, 0 young (0K), 0 survivors (0K)
 Metaspace       used 46544K, capacity 47076K, committed 47232K, reserved 1091584K
  class space    used 5178K, capacity 5377K, committed 5504K, reserved 1048576K
}
Event: 715.902 GC heap before
{Heap before GC invocations=34 (full 3):
 garbage-first heap   total 69632K, used 53364K [0x0000000701e00000, 0x0000000800000000)
  region size 2048K, 13 young (26624K), 0 survivors (0K)
 Metaspace       used 46653K, capacity 47255K, committed 47488K, reserved 1091584K
  class space    used 5182K, capacity 5386K, committed 5504K, reserved 1048576K
}
Event: 715.905 GC heap after
{Heap after GC invocations=35 (full 3):
 garbage-first heap   total 69632K, used 29224K [0x0000000701e00000, 0x0000000800000000)
  region size 2048K, 2 young (4096K), 2 survivors (4096K)
 Metaspace       used 46653K, capacity 47255K, committed 47488K, reserved 1091584K
  class space    used 5182K, capacity 5386K, committed 5504K, reserved 1048576K
}
Event: 716.070 GC heap before
{Heap before GC invocations=35 (full 3):
 garbage-first heap   total 69632K, used 49704K [0x0000000701e00000, 0x0000000800000000)
  region size 2048K, 13 young (26624K), 2 survivors (4096K)
 Metaspace       used 46676K, capacity 47281K, committed 47488K, reserved 1091584K
  class space    used 5186K, capacity 5392K, committed 5504K, reserved 1048576K
}
Event: 716.072 GC heap after
{Heap after GC invocations=36 (full 3):
 garbage-first heap   total 69632K, used 29897K [0x0000000701e00000, 0x0000000800000000)
  region size 2048K, 1 young (2048K), 1 survivors (2048K)
 Metaspace       used 46676K, capacity 47281K, committed 47488K, reserved 1091584K
  class space    used 5186K, capacity 5392K, committed 5504K, reserved 1048576K
}
Event: 751.546 GC heap before
{Heap before GC invocations=36 (full 3):
 garbage-first heap   total 69632K, used 46281K [0x0000000701e00000, 0x0000000800000000)
  region size 2048K, 11 young (22528K), 1 survivors (2048K)
 Metaspace       used 46731K, capacity 47305K, committed 47488K, reserved 1091584K
  class space    used 5188K, capacity 5398K, committed 5504K, reserved 1048576K
}
Event: 751.615 GC heap after
{Heap after GC invocations=37 (full 4):
 garbage-first heap   total 69632K, used 28746K [0x0000000701e00000, 0x0000000800000000)
  region size 2048K, 0 young (0K), 0 survivors (0K)
 Metaspace       used 46731K, capacity 47305K, committed 47488K, reserved 1091584K
  class space    used 5188K, capacity 5398K, committed 5504K, reserved 1048576K
}
Event: 756.360 GC heap before
{Heap before GC invocations=37 (full 4):
 garbage-first heap   total 69632K, used 51274K [0x0000000701e00000, 0x0000000800000000)
  region size 2048K, 12 young (24576K), 0 survivors (0K)
 Metaspace       used 46766K, capacity 47369K, committed 47488K, reserved 1091584K
  class space    used 5188K, capacity 5398K, committed 5504K, reserved 1048576K
}
Event: 756.362 GC heap after
{Heap after GC invocations=38 (full 4):
 garbage-first heap   total 69632K, used 31107K [0x0000000701e00000, 0x0000000800000000)
  region size 2048K, 2 young (4096K), 2 survivors (4096K)
 Metaspace       used 46766K, capacity 47369K, committed 47488K, reserved 1091584K
  class space    used 5188K, capacity 5398K, committed 5504K, reserved 1048576K
}
Event: 756.499 GC heap before
{Heap before GC invocations=38 (full 4):
 garbage-first heap   total 69632K, used 51587K [0x0000000701e00000, 0x0000000800000000)
  region size 2048K, 12 young (24576K), 2 survivors (4096K)
 Metaspace       used 46779K, capacity 47371K, committed 47488K, reserved 1091584K
  class space    used 5188K, capacity 5398K, committed 5504K, reserved 1048576K
}
Event: 756.501 GC heap after
{Heap after GC invocations=39 (full 4):
 garbage-first heap   total 69632K, used 31497K [0x0000000701e00000, 0x0000000800000000)
  region size 2048K, 1 young (2048K), 1 survivors (2048K)
 Metaspace       used 46779K, capacity 47371K, committed 47488K, reserved 1091584K
  class space    used 5188K, capacity 5398K, committed 5504K, reserved 1048576K
}
Event: 757.891 GC heap before
{Heap before GC invocations=39 (full 4):
 garbage-first heap   total 69632K, used 49929K [0x0000000701e00000, 0x0000000800000000)
  region size 2048K, 11 young (22528K), 1 survivors (2048K)
 Metaspace       used 46808K, capacity 47371K, committed 47488K, reserved 1091584K
  class space    used 5188K, capacity 5398K, committed 5504K, reserved 1048576K
}
Event: 757.893 GC heap after
{Heap after GC invocations=40 (full 4):
 garbage-first heap   total 69632K, used 32345K [0x0000000701e00000, 0x0000000800000000)
  region size 2048K, 2 young (4096K), 2 survivors (4096K)
 Metaspace       used 46808K, capacity 47371K, committed 47488K, reserved 1091584K
  class space    used 5188K, capacity 5398K, committed 5504K, reserved 1048576K
}
Event: 789.712 GC heap before
{Heap before GC invocations=41 (full 4):
 garbage-first heap   total 69632K, used 34393K [0x0000000701e00000, 0x0000000800000000)
  region size 2048K, 4 young (8192K), 2 survivors (4096K)
 Metaspace       used 46816K, capacity 47377K, committed 47488K, reserved 1091584K
  class space    used 5189K, capacity 5400K, committed 5504K, reserved 1048576K
}

